<?xml version="1.0" encoding="UTF-8"?>
<!-- Generated by org.testng.reporters.JUnitReportReporter -->
<testsuite hostname="DESKTOP-R92A0RU" failures="0" tests="1" name="com.Scenario2.LoginTest" time="21.111" errors="0" timestamp="2025-06-08T16:34:41 IST" skipped="0">
  <testcase classname="com.Scenario2.LoginTest" name="verifyLoginWithValidCredentials" time="21.111"/>
</testsuite> <!-- com.Scenario2.LoginTest -->
