<?xml version="1.0" encoding="UTF-8"?>
<!-- Generated by org.testng.reporters.JUnitReportReporter -->
<testsuite hostname="DESKTOP-R92A0RU" failures="0" tests="4" name="com.TestCases.CompleteTest" time="20.879" errors="0" timestamp="2025-06-12T17:51:01 IST" skipped="0">
  <testcase classname="com.TestCases.CompleteTest" name="userRegistration" time="3.868"/>
  <system-out/>
  <testcase classname="com.TestCases.CompleteTest" name="userLogin" time="3.698"/>
  <system-out/>
  <testcase classname="com.TestCases.CompleteTest" name="addProductToCart" time="7.422"/>
  <system-out/>
  <testcase classname="com.TestCases.CompleteTest" name="checkoutProcess" time="5.891"/>
  <system-out/>
</testsuite> <!-- com.TestCases.CompleteTest -->
